[PREINITIALIZATION][CLIENT][INFO] Thank you to the Patreon supporters below and others who make CraftTweaker possible!
Belathus
Pongo Sapiens
Jonathan McManus
Jordan Pineo
Jessie Sims
Jellycraft
Hooley
Peregrinus11
Ncc1702
Lucas
Quaternary
DreamThorn
embeddedt
Genryu
NickT
Spencer Gilbert
Zuniroa
NerdyWhiteGuy
Ivy_
If you want to support the mod, checkout https://patreon.com/jaredlll08?s=crtmod

[PREINITIALIZATION][CLIENT][INFO] Current loaders after merging: [[preinit]]
[PREINITIALIZATION][CLIENT][INFO] Loading scripts for loader with names [preinit]
[PREINITIALIZATION][CLIENT][INFO] [preinit | SIDE_CLIENT]: Skipping file {[0:crafttweaker]: dnavaritiatest1.zs} as we are currently loading with a different loader
[PREINITIALIZATION][CLIENT][INFO] [preinit | SIDE_CLIENT]: Skipping file {[0:crafttweaker]: giantRecipes.zs} as we are currently loading with a different loader
[PREINITIALIZATION][CLIENT][INFO] [preinit | SIDE_CLIENT]: Skipping file {[0:crafttweaker]: mot1test.zs} as we are currently loading with a different loader
[PREINITIALIZATION][CLIENT][INFO] [preinit | SIDE_CLIENT]: Skipping file {[0:crafttweaker]: recipes.zs} as we are currently loading with a different loader
[PREINITIALIZATION][CLIENT][INFO] [preinit | SIDE_CLIENT]: Skipping file {[0:crafttweaker]: thanksnomifactory.zs} as we are currently loading with a different loader
[PREINITIALIZATION][CLIENT][INFO] Completed script loading in: 2ms
[PREINITIALIZATION][CLIENT][INFO] Current loaders after merging: [[preinit], [contenttweaker]]
[PREINITIALIZATION][CLIENT][INFO] Loading scripts for loader with names [contenttweaker]
[PREINITIALIZATION][CLIENT][INFO] [contenttweaker | SIDE_CLIENT]: Skipping file {[0:crafttweaker]: dnavaritiatest1.zs} as we are currently loading with a different loader
[PREINITIALIZATION][CLIENT][INFO] [contenttweaker | SIDE_CLIENT]: Skipping file {[0:crafttweaker]: giantRecipes.zs} as we are currently loading with a different loader
[PREINITIALIZATION][CLIENT][INFO] [contenttweaker | SIDE_CLIENT]: Skipping file {[0:crafttweaker]: mot1test.zs} as we are currently loading with a different loader
[PREINITIALIZATION][CLIENT][INFO] [contenttweaker | SIDE_CLIENT]: Skipping file {[0:crafttweaker]: recipes.zs} as we are currently loading with a different loader
[PREINITIALIZATION][CLIENT][INFO] [contenttweaker | SIDE_CLIENT]: Skipping file {[0:crafttweaker]: thanksnomifactory.zs} as we are currently loading with a different loader
[PREINITIALIZATION][CLIENT][INFO] Completed script loading in: 0ms
[PREINITIALIZATION][CLIENT][INFO] Current loaders after merging: [[preinit], [contenttweaker], [gregtech]]
[PREINITIALIZATION][CLIENT][INFO] Loading scripts for loader with names [gregtech]
[PREINITIALIZATION][CLIENT][INFO] [gregtech | SIDE_CLIENT]: Skipping file {[0:crafttweaker]: dnavaritiatest1.zs} as we are currently loading with a different loader
[PREINITIALIZATION][CLIENT][INFO] [gregtech | SIDE_CLIENT]: Skipping file {[0:crafttweaker]: giantRecipes.zs} as we are currently loading with a different loader
[PREINITIALIZATION][CLIENT][INFO] [gregtech | SIDE_CLIENT]: Skipping file {[0:crafttweaker]: mot1test.zs} as we are currently loading with a different loader
[PREINITIALIZATION][CLIENT][INFO] [gregtech | SIDE_CLIENT]: Skipping file {[0:crafttweaker]: recipes.zs} as we are currently loading with a different loader
[PREINITIALIZATION][CLIENT][INFO] [gregtech | SIDE_CLIENT]: Skipping file {[0:crafttweaker]: thanksnomifactory.zs} as we are currently loading with a different loader
[PREINITIALIZATION][CLIENT][INFO] Completed script loading in: 0ms
[INITIALIZATION][CLIENT][INFO] CraftTweaker: Building registry
[INITIALIZATION][CLIENT][INFO] CraftTweaker: Successfully built item registry
[INITIALIZATION][CLIENT][INFO] Current loaders after merging: [[preinit], [contenttweaker], [gregtech], [recipeevent | crafttweaker]]
[INITIALIZATION][CLIENT][INFO] Loading scripts for loader with names [crafttweaker | recipeevent]
[INITIALIZATION][CLIENT][INFO] [crafttweaker | SIDE_CLIENT]: Loading Script: {[0:crafttweaker]: dnavaritiatest1.zs}
[INITIALIZATION][CLIENT][ERROR] dnavaritiatest1.zs:2 > Not a valid type
[INITIALIZATION][CLIENT][INFO] Adding Extreme recipe avaritia:craft_tweaker_shaped_dnavaritiatest1 for Knowledge Book
[INITIALIZATION][CLIENT][INFO] [crafttweaker | SIDE_CLIENT]: Loading Script: {[0:crafttweaker]: giantRecipes.zs}
[INITIALIZATION][CLIENT][INFO] [crafttweaker | SIDE_CLIENT]: Loading Script: {[0:crafttweaker]: mot1test.zs}
[INITIALIZATION][CLIENT][INFO] [crafttweaker | SIDE_CLIENT]: Loading Script: {[0:crafttweaker]: recipes.zs}
[INITIALIZATION][CLIENT][INFO] [crafttweaker | SIDE_CLIENT]: Loading Script: {[0:crafttweaker]: thanksnomifactory.zs}
[INITIALIZATION][CLIENT][ERROR] [crafttweaker | SIDE_CLIENT]: Error parsing thanksnomifactory.zs:11 -- : expected
[INITIALIZATION][CLIENT][INFO] Completed script loading in: 451ms
[POSTINITIALIZATION][CLIENT][INFO] Removing recipes for various outputs
[POSTINITIALIZATION][CLIENT][INFO] Adding shaped recipe for Dragon Egg with name ct_shaped841859809
[AVAILABLE][CLIENT][INFO] Fixed the RecipeBook
[AVAILABLE][CLIENT][INFO] Adding 1 Crucible Recipe(s) for Clay
